<?xml version="1.0" encoding="UTF-8" ?>
<testsuite failures="0" time="0.298" errors="0" skipped="0" tests="3" name="pl.pw.elka.test.StubTest">
  <properties>
    <property name="java.runtime.name" value="OpenJDK Runtime Environment"/>
    <property name="sun.boot.library.path" value="/usr/lib/jvm/java-6-openjdk-amd64/jre/lib/amd64"/>
    <property name="java.vm.version" value="23.25-b01"/>
    <property name="java.vm.vendor" value="Sun Microsystems Inc."/>
    <property name="java.vendor.url" value="http://java.sun.com/"/>
    <property name="path.separator" value=":"/>
    <property name="java.vm.name" value="OpenJDK 64-Bit Server VM"/>
    <property name="file.encoding.pkg" value="sun.io"/>
    <property name="user.country" value="US"/>
    <property name="sun.java.launcher" value="SUN_STANDARD"/>
    <property name="sun.os.patch.level" value="unknown"/>
    <property name="java.vm.specification.name" value="Java Virtual Machine Specification"/>
    <property name="user.dir" value="/home/darek/workspace/ditribTxtGrp"/>
    <property name="java.runtime.version" value="1.6.0_31-b31"/>
    <property name="java.awt.graphicsenv" value="sun.awt.X11GraphicsEnvironment"/>
    <property name="basedir" value="/home/darek/workspace/ditribTxtGrp"/>
    <property name="java.endorsed.dirs" value="/usr/lib/jvm/java-6-openjdk-amd64/jre/lib/endorsed"/>
    <property name="os.arch" value="amd64"/>
    <property name="surefire.real.class.path" value="/home/darek/workspace/ditribTxtGrp/target/surefire/surefirebooter2180782129030799752.jar"/>
    <property name="java.io.tmpdir" value="/tmp"/>
    <property name="line.separator" value="
"/>
    <property name="java.vm.specification.vendor" value="Sun Microsystems Inc."/>
    <property name="os.name" value="Linux"/>
    <property name="sun.jnu.encoding" value="UTF-8"/>
    <property name="java.library.path" value="/usr/lib/jvm/java-6-openjdk-amd64/jre/lib/amd64/server:/usr/lib/jvm/java-6-openjdk-amd64/jre/lib/amd64:/usr/lib/jvm/java-6-openjdk-amd64/jre/../lib/amd64:/usr/java/packages/lib/amd64:/usr/lib/jni:/lib:/usr/lib"/>
    <property name="surefire.test.class.path" value="/home/darek/workspace/ditribTxtGrp/target/test-classes:/home/darek/workspace/ditribTxtGrp/target/classes:/home/darek/.m2/repository/org/apache/hadoop/hadoop-hdfs/2.3.0-cdh5.0.0/hadoop-hdfs-2.3.0-cdh5.0.0.jar:/home/darek/.m2/repository/com/google/guava/guava/11.0.2/guava-11.0.2.jar:/home/darek/.m2/repository/org/mortbay/jetty/jetty/6.1.26/jetty-6.1.26.jar:/home/darek/.m2/repository/org/mortbay/jetty/jetty-util/6.1.26/jetty-util-6.1.26.jar:/home/darek/.m2/repository/com/sun/jersey/jersey-core/1.9/jersey-core-1.9.jar:/home/darek/.m2/repository/com/sun/jersey/jersey-server/1.9/jersey-server-1.9.jar:/home/darek/.m2/repository/asm/asm/3.1/asm-3.1.jar:/home/darek/.m2/repository/commons-cli/commons-cli/1.2/commons-cli-1.2.jar:/home/darek/.m2/repository/commons-codec/commons-codec/1.4/commons-codec-1.4.jar:/home/darek/.m2/repository/commons-io/commons-io/2.4/commons-io-2.4.jar:/home/darek/.m2/repository/commons-lang/commons-lang/2.6/commons-lang-2.6.jar:/home/darek/.m2/repository/commons-logging/commons-logging/1.1.3/commons-logging-1.1.3.jar:/home/darek/.m2/repository/commons-daemon/commons-daemon/1.0.13/commons-daemon-1.0.13.jar:/home/darek/.m2/repository/javax/servlet/jsp/jsp-api/2.1/jsp-api-2.1.jar:/home/darek/.m2/repository/log4j/log4j/1.2.17/log4j-1.2.17.jar:/home/darek/.m2/repository/com/google/protobuf/protobuf-java/2.5.0/protobuf-java-2.5.0.jar:/home/darek/.m2/repository/javax/servlet/servlet-api/2.5/servlet-api-2.5.jar:/home/darek/.m2/repository/org/codehaus/jackson/jackson-core-asl/1.8.8/jackson-core-asl-1.8.8.jar:/home/darek/.m2/repository/org/codehaus/jackson/jackson-mapper-asl/1.8.8/jackson-mapper-asl-1.8.8.jar:/home/darek/.m2/repository/tomcat/jasper-runtime/5.5.23/jasper-runtime-5.5.23.jar:/home/darek/.m2/repository/xmlenc/xmlenc/0.52/xmlenc-0.52.jar:/home/darek/.m2/repository/org/apache/hadoop/hadoop-auth/2.3.0-cdh5.0.0/hadoop-auth-2.3.0-cdh5.0.0.jar:/home/darek/.m2/repository/org/slf4j/slf4j-api/1.7.5/slf4j-api-1.7.5.jar:/home/darek/.m2/repository/org/slf4j/slf4j-log4j12/1.7.5/slf4j-log4j12-1.7.5.jar:/home/darek/.m2/repository/org/apache/httpcomponents/httpclient/4.2.5/httpclient-4.2.5.jar:/home/darek/.m2/repository/org/apache/httpcomponents/httpcore/4.2.4/httpcore-4.2.4.jar:/home/darek/.m2/repository/org/apache/hadoop/hadoop-common/2.3.0-cdh5.0.0/hadoop-common-2.3.0-cdh5.0.0.jar:/home/darek/.m2/repository/org/apache/hadoop/hadoop-annotations/2.3.0-cdh5.0.0/hadoop-annotations-2.3.0-cdh5.0.0.jar:/usr/lib/jvm/java-6-openjdk-amd64/jre/../lib/tools.jar:/home/darek/.m2/repository/org/apache/commons/commons-math3/3.1.1/commons-math3-3.1.1.jar:/home/darek/.m2/repository/commons-httpclient/commons-httpclient/3.1/commons-httpclient-3.1.jar:/home/darek/.m2/repository/commons-net/commons-net/3.1/commons-net-3.1.jar:/home/darek/.m2/repository/commons-collections/commons-collections/3.2.1/commons-collections-3.2.1.jar:/home/darek/.m2/repository/com/sun/jersey/jersey-json/1.9/jersey-json-1.9.jar:/home/darek/.m2/repository/org/codehaus/jettison/jettison/1.1/jettison-1.1.jar:/home/darek/.m2/repository/com/sun/xml/bind/jaxb-impl/2.2.3-1/jaxb-impl-2.2.3-1.jar:/home/darek/.m2/repository/javax/xml/bind/jaxb-api/2.2.2/jaxb-api-2.2.2.jar:/home/darek/.m2/repository/javax/xml/stream/stax-api/1.0-2/stax-api-1.0-2.jar:/home/darek/.m2/repository/javax/activation/activation/1.1/activation-1.1.jar:/home/darek/.m2/repository/org/codehaus/jackson/jackson-jaxrs/1.8.3/jackson-jaxrs-1.8.3.jar:/home/darek/.m2/repository/org/codehaus/jackson/jackson-xc/1.8.3/jackson-xc-1.8.3.jar:/home/darek/.m2/repository/tomcat/jasper-compiler/5.5.23/jasper-compiler-5.5.23.jar:/home/darek/.m2/repository/commons-el/commons-el/1.0/commons-el-1.0.jar:/home/darek/.m2/repository/net/java/dev/jets3t/jets3t/0.9.0/jets3t-0.9.0.jar:/home/darek/.m2/repository/com/jamesmurty/utils/java-xmlbuilder/0.4/java-xmlbuilder-0.4.jar:/home/darek/.m2/repository/commons-configuration/commons-configuration/1.6/commons-configuration-1.6.jar:/home/darek/.m2/repository/commons-digester/commons-digester/1.8/commons-digester-1.8.jar:/home/darek/.m2/repository/commons-beanutils/commons-beanutils/1.7.0/commons-beanutils-1.7.0.jar:/home/darek/.m2/repository/commons-beanutils/commons-beanutils-core/1.8.0/commons-beanutils-core-1.8.0.jar:/home/darek/.m2/repository/org/apache/avro/avro/1.7.5-cdh5.0.0/avro-1.7.5-cdh5.0.0.jar:/home/darek/.m2/repository/com/thoughtworks/paranamer/paranamer/2.3/paranamer-2.3.jar:/home/darek/.m2/repository/org/xerial/snappy/snappy-java/1.0.5/snappy-java-1.0.5.jar:/home/darek/.m2/repository/com/jcraft/jsch/0.1.42/jsch-0.1.42.jar:/home/darek/.m2/repository/com/google/code/findbugs/jsr305/1.3.9/jsr305-1.3.9.jar:/home/darek/.m2/repository/org/apache/zookeeper/zookeeper/3.4.5-cdh5.0.0/zookeeper-3.4.5-cdh5.0.0.jar:/home/darek/.m2/repository/org/apache/commons/commons-compress/1.4.1/commons-compress-1.4.1.jar:/home/darek/.m2/repository/org/tukaani/xz/1.0/xz-1.0.jar:/home/darek/.m2/repository/org/apache/hadoop/hadoop-core/2.3.0-mr1-cdh5.0.2/hadoop-core-2.3.0-mr1-cdh5.0.2.jar:/home/darek/.m2/repository/hsqldb/hsqldb/1.8.0.10/hsqldb-1.8.0.10.jar:/home/darek/.m2/repository/org/eclipse/jdt/core/3.1.1/core-3.1.1.jar:/home/darek/.m2/repository/junit/junit/4.10/junit-4.10.jar:/home/darek/.m2/repository/org/hamcrest/hamcrest-core/1.1/hamcrest-core-1.1.jar:/home/darek/.m2/repository/org/apache/mrunit/mrunit/1.1.0/mrunit-1.1.0-hadoop2.jar:/home/darek/.m2/repository/org/mockito/mockito-core/1.9.5/mockito-core-1.9.5.jar:/home/darek/.m2/repository/org/objenesis/objenesis/1.0/objenesis-1.0.jar:/home/darek/.m2/repository/org/powermock/powermock-core/1.5.1/powermock-core-1.5.1.jar:/home/darek/.m2/repository/org/powermock/powermock-reflect/1.5.1/powermock-reflect-1.5.1.jar:/home/darek/.m2/repository/org/javassist/javassist/3.18.0-GA/javassist-3.18.0-GA.jar:/home/darek/.m2/repository/org/powermock/powermock-api-mockito/1.5.1/powermock-api-mockito-1.5.1.jar:/home/darek/.m2/repository/org/powermock/powermock-api-support/1.5.1/powermock-api-support-1.5.1.jar:/home/darek/.m2/repository/org/powermock/powermock-module-junit4/1.5.1/powermock-module-junit4-1.5.1.jar:/home/darek/.m2/repository/org/powermock/powermock-module-junit4-common/1.5.1/powermock-module-junit4-common-1.5.1.jar:"/>
    <property name="java.specification.name" value="Java Platform API Specification"/>
    <property name="java.class.version" value="50.0"/>
    <property name="sun.management.compiler" value="HotSpot 64-Bit Tiered Compilers"/>
    <property name="os.version" value="3.11.0-24-generic"/>
    <property name="user.home" value="/home/darek"/>
    <property name="user.timezone" value="Europe/Warsaw"/>
    <property name="java.awt.printerjob" value="sun.print.PSPrinterJob"/>
    <property name="file.encoding" value="UTF-8"/>
    <property name="java.specification.version" value="1.6"/>
    <property name="user.name" value="darek"/>
    <property name="java.class.path" value="/home/darek/workspace/ditribTxtGrp/target/test-classes:/home/darek/workspace/ditribTxtGrp/target/classes:/home/darek/.m2/repository/org/apache/hadoop/hadoop-hdfs/2.3.0-cdh5.0.0/hadoop-hdfs-2.3.0-cdh5.0.0.jar:/home/darek/.m2/repository/com/google/guava/guava/11.0.2/guava-11.0.2.jar:/home/darek/.m2/repository/org/mortbay/jetty/jetty/6.1.26/jetty-6.1.26.jar:/home/darek/.m2/repository/org/mortbay/jetty/jetty-util/6.1.26/jetty-util-6.1.26.jar:/home/darek/.m2/repository/com/sun/jersey/jersey-core/1.9/jersey-core-1.9.jar:/home/darek/.m2/repository/com/sun/jersey/jersey-server/1.9/jersey-server-1.9.jar:/home/darek/.m2/repository/asm/asm/3.1/asm-3.1.jar:/home/darek/.m2/repository/commons-cli/commons-cli/1.2/commons-cli-1.2.jar:/home/darek/.m2/repository/commons-codec/commons-codec/1.4/commons-codec-1.4.jar:/home/darek/.m2/repository/commons-io/commons-io/2.4/commons-io-2.4.jar:/home/darek/.m2/repository/commons-lang/commons-lang/2.6/commons-lang-2.6.jar:/home/darek/.m2/repository/commons-logging/commons-logging/1.1.3/commons-logging-1.1.3.jar:/home/darek/.m2/repository/commons-daemon/commons-daemon/1.0.13/commons-daemon-1.0.13.jar:/home/darek/.m2/repository/javax/servlet/jsp/jsp-api/2.1/jsp-api-2.1.jar:/home/darek/.m2/repository/log4j/log4j/1.2.17/log4j-1.2.17.jar:/home/darek/.m2/repository/com/google/protobuf/protobuf-java/2.5.0/protobuf-java-2.5.0.jar:/home/darek/.m2/repository/javax/servlet/servlet-api/2.5/servlet-api-2.5.jar:/home/darek/.m2/repository/org/codehaus/jackson/jackson-core-asl/1.8.8/jackson-core-asl-1.8.8.jar:/home/darek/.m2/repository/org/codehaus/jackson/jackson-mapper-asl/1.8.8/jackson-mapper-asl-1.8.8.jar:/home/darek/.m2/repository/tomcat/jasper-runtime/5.5.23/jasper-runtime-5.5.23.jar:/home/darek/.m2/repository/xmlenc/xmlenc/0.52/xmlenc-0.52.jar:/home/darek/.m2/repository/org/apache/hadoop/hadoop-auth/2.3.0-cdh5.0.0/hadoop-auth-2.3.0-cdh5.0.0.jar:/home/darek/.m2/repository/org/slf4j/slf4j-api/1.7.5/slf4j-api-1.7.5.jar:/home/darek/.m2/repository/org/slf4j/slf4j-log4j12/1.7.5/slf4j-log4j12-1.7.5.jar:/home/darek/.m2/repository/org/apache/httpcomponents/httpclient/4.2.5/httpclient-4.2.5.jar:/home/darek/.m2/repository/org/apache/httpcomponents/httpcore/4.2.4/httpcore-4.2.4.jar:/home/darek/.m2/repository/org/apache/hadoop/hadoop-common/2.3.0-cdh5.0.0/hadoop-common-2.3.0-cdh5.0.0.jar:/home/darek/.m2/repository/org/apache/hadoop/hadoop-annotations/2.3.0-cdh5.0.0/hadoop-annotations-2.3.0-cdh5.0.0.jar:/usr/lib/jvm/java-6-openjdk-amd64/jre/../lib/tools.jar:/home/darek/.m2/repository/org/apache/commons/commons-math3/3.1.1/commons-math3-3.1.1.jar:/home/darek/.m2/repository/commons-httpclient/commons-httpclient/3.1/commons-httpclient-3.1.jar:/home/darek/.m2/repository/commons-net/commons-net/3.1/commons-net-3.1.jar:/home/darek/.m2/repository/commons-collections/commons-collections/3.2.1/commons-collections-3.2.1.jar:/home/darek/.m2/repository/com/sun/jersey/jersey-json/1.9/jersey-json-1.9.jar:/home/darek/.m2/repository/org/codehaus/jettison/jettison/1.1/jettison-1.1.jar:/home/darek/.m2/repository/com/sun/xml/bind/jaxb-impl/2.2.3-1/jaxb-impl-2.2.3-1.jar:/home/darek/.m2/repository/javax/xml/bind/jaxb-api/2.2.2/jaxb-api-2.2.2.jar:/home/darek/.m2/repository/javax/xml/stream/stax-api/1.0-2/stax-api-1.0-2.jar:/home/darek/.m2/repository/javax/activation/activation/1.1/activation-1.1.jar:/home/darek/.m2/repository/org/codehaus/jackson/jackson-jaxrs/1.8.3/jackson-jaxrs-1.8.3.jar:/home/darek/.m2/repository/org/codehaus/jackson/jackson-xc/1.8.3/jackson-xc-1.8.3.jar:/home/darek/.m2/repository/tomcat/jasper-compiler/5.5.23/jasper-compiler-5.5.23.jar:/home/darek/.m2/repository/commons-el/commons-el/1.0/commons-el-1.0.jar:/home/darek/.m2/repository/net/java/dev/jets3t/jets3t/0.9.0/jets3t-0.9.0.jar:/home/darek/.m2/repository/com/jamesmurty/utils/java-xmlbuilder/0.4/java-xmlbuilder-0.4.jar:/home/darek/.m2/repository/commons-configuration/commons-configuration/1.6/commons-configuration-1.6.jar:/home/darek/.m2/repository/commons-digester/commons-digester/1.8/commons-digester-1.8.jar:/home/darek/.m2/repository/commons-beanutils/commons-beanutils/1.7.0/commons-beanutils-1.7.0.jar:/home/darek/.m2/repository/commons-beanutils/commons-beanutils-core/1.8.0/commons-beanutils-core-1.8.0.jar:/home/darek/.m2/repository/org/apache/avro/avro/1.7.5-cdh5.0.0/avro-1.7.5-cdh5.0.0.jar:/home/darek/.m2/repository/com/thoughtworks/paranamer/paranamer/2.3/paranamer-2.3.jar:/home/darek/.m2/repository/org/xerial/snappy/snappy-java/1.0.5/snappy-java-1.0.5.jar:/home/darek/.m2/repository/com/jcraft/jsch/0.1.42/jsch-0.1.42.jar:/home/darek/.m2/repository/com/google/code/findbugs/jsr305/1.3.9/jsr305-1.3.9.jar:/home/darek/.m2/repository/org/apache/zookeeper/zookeeper/3.4.5-cdh5.0.0/zookeeper-3.4.5-cdh5.0.0.jar:/home/darek/.m2/repository/org/apache/commons/commons-compress/1.4.1/commons-compress-1.4.1.jar:/home/darek/.m2/repository/org/tukaani/xz/1.0/xz-1.0.jar:/home/darek/.m2/repository/org/apache/hadoop/hadoop-core/2.3.0-mr1-cdh5.0.2/hadoop-core-2.3.0-mr1-cdh5.0.2.jar:/home/darek/.m2/repository/hsqldb/hsqldb/1.8.0.10/hsqldb-1.8.0.10.jar:/home/darek/.m2/repository/org/eclipse/jdt/core/3.1.1/core-3.1.1.jar:/home/darek/.m2/repository/junit/junit/4.10/junit-4.10.jar:/home/darek/.m2/repository/org/hamcrest/hamcrest-core/1.1/hamcrest-core-1.1.jar:/home/darek/.m2/repository/org/apache/mrunit/mrunit/1.1.0/mrunit-1.1.0-hadoop2.jar:/home/darek/.m2/repository/org/mockito/mockito-core/1.9.5/mockito-core-1.9.5.jar:/home/darek/.m2/repository/org/objenesis/objenesis/1.0/objenesis-1.0.jar:/home/darek/.m2/repository/org/powermock/powermock-core/1.5.1/powermock-core-1.5.1.jar:/home/darek/.m2/repository/org/powermock/powermock-reflect/1.5.1/powermock-reflect-1.5.1.jar:/home/darek/.m2/repository/org/javassist/javassist/3.18.0-GA/javassist-3.18.0-GA.jar:/home/darek/.m2/repository/org/powermock/powermock-api-mockito/1.5.1/powermock-api-mockito-1.5.1.jar:/home/darek/.m2/repository/org/powermock/powermock-api-support/1.5.1/powermock-api-support-1.5.1.jar:/home/darek/.m2/repository/org/powermock/powermock-module-junit4/1.5.1/powermock-module-junit4-1.5.1.jar:/home/darek/.m2/repository/org/powermock/powermock-module-junit4-common/1.5.1/powermock-module-junit4-common-1.5.1.jar:"/>
    <property name="java.vm.specification.version" value="1.0"/>
    <property name="sun.arch.data.model" value="64"/>
    <property name="java.home" value="/usr/lib/jvm/java-6-openjdk-amd64/jre"/>
    <property name="sun.java.command" value="/home/darek/workspace/ditribTxtGrp/target/surefire/surefirebooter2180782129030799752.jar /home/darek/workspace/ditribTxtGrp/target/surefire/surefire6618496199181156487tmp /home/darek/workspace/ditribTxtGrp/target/surefire/surefire877114307616473530tmp"/>
    <property name="java.specification.vendor" value="Sun Microsystems Inc."/>
    <property name="user.language" value="en"/>
    <property name="java.vm.info" value="mixed mode"/>
    <property name="java.version" value="1.6.0_31"/>
    <property name="java.ext.dirs" value="/usr/lib/jvm/java-6-openjdk-amd64/jre/lib/ext:/usr/java/packages/lib/ext"/>
    <property name="sun.boot.class.path" value="/usr/lib/jvm/java-6-openjdk-amd64/jre/lib/resources.jar:/usr/lib/jvm/java-6-openjdk-amd64/jre/lib/rt.jar:/usr/lib/jvm/java-6-openjdk-amd64/jre/lib/sunrsasign.jar:/usr/lib/jvm/java-6-openjdk-amd64/jre/lib/jsse.jar:/usr/lib/jvm/java-6-openjdk-amd64/jre/lib/jce.jar:/usr/lib/jvm/java-6-openjdk-amd64/jre/lib/charsets.jar:/usr/lib/jvm/java-6-openjdk-amd64/jre/lib/jfr.jar:/usr/lib/jvm/java-6-openjdk-amd64/jre/lib/netx.jar:/usr/lib/jvm/java-6-openjdk-amd64/jre/lib/plugin.jar:/usr/lib/jvm/java-6-openjdk-amd64/jre/lib/rhino.jar:/usr/lib/jvm/java-6-openjdk-amd64/jre/classes"/>
    <property name="java.vendor" value="Sun Microsystems Inc."/>
    <property name="localRepository" value="/home/darek/.m2/repository"/>
    <property name="file.separator" value="/"/>
    <property name="java.vendor.url.bug" value="http://java.sun.com/cgi-bin/bugreport.cgi"/>
    <property name="sun.cpu.endian" value="little"/>
    <property name="sun.io.unicode.encoding" value="UnicodeLittle"/>
    <property name="sun.desktop" value="gnome"/>
    <property name="sun.cpu.isalist" value=""/>
  </properties>
  <testcase time="0.231" classname="pl.pw.elka.test.StubTest" name="testPorterStemmer"/>
  <testcase time="0.001" classname="pl.pw.elka.test.StubTest" name="testReducer"/>
  <testcase time="0" classname="pl.pw.elka.test.StubTest" name="testMapReduce"/>
</testsuite>